--------------------------------------------------------------------------
2022/2/19 21:49:44    Client connected
--------------------------------------------------------------------------
2022/2/19 21:49:44    Send-->API:1, Player:0, MsgLength:28

2022/2/19 21:49:44    Receive-->API:2, Player:1, MsgLength:77
{"allocated_player_id": 1, "other_player_id": []}
2022/2/19 21:49:44    Receive-->API:8, Player:1, MsgLength:28

2022/2/19 21:49:52    Receive-->API:8, Player:2, MsgLength:28

2022/2/19 21:49:57    Send-->API:3, Player:1, MsgLength:28

2022/2/19 21:49:57    Receive-->API:3, Player:1, MsgLength:28

2022/2/19 21:49:58    Receive-->API:3, Player:2, MsgLength:28

2022/2/19 21:49:58    Receive-->API:4, Player:0, MsgLength:226
{"players_number": 2, "players_sequence": [2, 1], "nobles_info": [97, 98, 91], "levelOneCards_info": [17, 27, 8, 6], "levelTwoCards_info": [47, 44, 69, 52], "levelThreeCards_info": [72, 79, 74, 76]}
GameRoom Init Finish
2022/2/19 21:49:58    Receive-->API:5, Player:0, MsgLength:50
{"new_turn_player": 2}
UI shows GameScene
2022/2/19 21:50:01    Receive-->API:6, Player:0, MsgLength:224
{"player_id": 2, "operation_type": "get_gems", "operation_info": [{"gems_type": "emerald", "gems_number": 1}, {"gems_type": "ruby", "gems_number": 1}, {"gems_type": "sapphire", "gems_number": 1}]}
2022/2/19 21:50:01    Receive-->API:5, Player:0, MsgLength:50
{"new_turn_player": 1}
2022/2/19 21:50:04    Send-->API:6, Player:1, MsgLength:211
{"player_id":1,"operation_type":"get_gems","operation_info":[{"gems_type":"diamond","gems_number":1},{"gems_type":"emerald","gems_number":1},{"gems_type":"sapphire","gems_number":1}]}
2022/2/19 21:50:04    Receive-->API:6, Player:0, MsgLength:227
{"player_id": 1, "operation_type": "get_gems", "operation_info": [{"gems_type": "diamond", "gems_number": 1}, {"gems_type": "emerald", "gems_number": 1}, {"gems_type": "sapphire", "gems_number": 1}]}
2022/2/19 21:50:04    Receive-->API:5, Player:0, MsgLength:50
{"new_turn_player": 2}
