--------------------------------------------------------------------------
2022/2/19 13:28:28    Client connected
--------------------------------------------------------------------------
2022/2/19 13:28:28    Send-->API:1, Player:0, MsgLength:28

2022/2/19 13:28:28    Receive-->API:2, Player:1, MsgLength:77
{"allocated_player_id": 1, "other_player_id": []}
2022/2/19 13:28:28    Receive-->API:8, Player:1, MsgLength:28

2022/2/19 13:28:39    Receive-->API:8, Player:2, MsgLength:28

2022/2/19 13:28:48    Receive-->API:8, Player:3, MsgLength:28

2022/2/19 13:29:02    Send-->API:3, Player:1, MsgLength:28

2022/2/19 13:29:02    Receive-->API:3, Player:1, MsgLength:28

2022/2/19 13:29:03    Receive-->API:3, Player:2, MsgLength:28

2022/2/19 13:29:05    Receive-->API:3, Player:3, MsgLength:28

2022/2/19 13:29:05    Receive-->API:4, Player:0, MsgLength:267
{"players_number": 3, "players_sequence": [1, 3, 2], "nobles_info": ["99", "92", "97", "96"], "levelOneCards_info": ["31", "33", "24", "30"], "levelTwoCards_info": ["58", "59", "47", "42"], "levelThreeCards_info": ["74", "88", "81", "76"]}
GameRoom Init Finish
2022/2/19 13:29:05    Receive-->API:5, Player:0, MsgLength:50
{"new_turn_player": 1}
UI shows GameScene
2022/2/19 13:29:15    Send-->API:6, Player:1, MsgLength:208
{"player_id":1,"operation_type":"get_gems","operation_info":[{"gems_type":"emerald","gems_number":1},{"gems_type":"obsidian","gems_number":1},{"gems_type":"ruby","gems_number":1}]}
2022/2/19 13:29:15    Receive-->API:6, Player:0, MsgLength:224
{"player_id": 1, "operation_type": "get_gems", "operation_info": [{"gems_type": "emerald", "gems_number": 1}, {"gems_type": "obsidian", "gems_number": 1}, {"gems_type": "ruby", "gems_number": 1}]}
2022/2/19 13:29:15    Receive-->API:5, Player:0, MsgLength:50
{"new_turn_player": 3}
2022/2/19 13:29:22    Receive-->API:6, Player:0, MsgLength:227
{"player_id": 3, "operation_type": "get_gems", "operation_info": [{"gems_type": "diamond", "gems_number": 1}, {"gems_type": "emerald", "gems_number": 1}, {"gems_type": "sapphire", "gems_number": 1}]}
2022/2/19 13:29:22    Receive-->API:5, Player:0, MsgLength:50
{"new_turn_player": 2}
2022/2/19 13:29:28    Receive-->API:6, Player:0, MsgLength:224
{"player_id": 2, "operation_type": "get_gems", "operation_info": [{"gems_type": "emerald", "gems_number": 1}, {"gems_type": "ruby", "gems_number": 1}, {"gems_type": "sapphire", "gems_number": 1}]}
2022/2/19 13:29:28    Receive-->API:5, Player:0, MsgLength:50
{"new_turn_player": 1}
